<?xml version="1.0" encoding="UTF-8"?>
<!-- Generated by org.testng.reporters.JUnitXMLReporter -->
<testsuite hostname="Adarsh-Computer" ignored="0" name="Surefire test" tests="3" failures="2" timestamp="2022-08-24T03:26:18 IST" time="13.252" errors="0">
  <testcase name="runScenario" time="9.725" classname="io.cucumber.testng.AbstractTestNGCucumberTests"/>
  <testcase name="runScenario" time="11.874" classname="io.cucumber.testng.AbstractTestNGCucumberTests">
    <failure type="java.lang.AssertionError" message="expected [dshjd] but found [Tomato]">
      <![CDATA[java.lang.AssertionError: expected [dshjd] but found [Tomato]
at stepDefinations.OffersPageStepDefinition.validate_that_product_name_in_offers_page_matched_with_landing_page(OffersPageStepDefinition.java:28)
at ✽.validate that product name in offers page matched with landing page(file:///D:/CucumberFramework/CucumberFramework/src/test/java/features/searchProduct.feature:9)
... Removed 6 stack frames]]>
    </failure>
  </testcase> <!-- runScenario -->
  <testcase name="runScenario" time="11.998" classname="io.cucumber.testng.AbstractTestNGCucumberTests">
    <failure type="java.lang.AssertionError" message="expected [dshjd] but found [Strawberry]">
      <![CDATA[java.lang.AssertionError: expected [dshjd] but found [Strawberry]
at stepDefinations.OffersPageStepDefinition.validate_that_product_name_in_offers_page_matched_with_landing_page(OffersPageStepDefinition.java:28)
at ✽.validate that product name in offers page matched with landing page(file:///D:/CucumberFramework/CucumberFramework/src/test/java/features/searchProduct.feature:9)
... Removed 6 stack frames]]>
    </failure>
  </testcase> <!-- runScenario -->
</testsuite> <!-- Surefire test -->
