<?xml version="1.0" encoding="UTF-8"?>
<testng-results skipped="0" failed="2" ignored="0" total="3" passed="1">
  <reporter-output>
  </reporter-output>
  <suite name="Surefire suite" duration-ms="13252" started-at="2022-08-24T03:26:04 IST" finished-at="2022-08-24T03:26:18 IST">
    <groups>
      <group name="cucumber">
        <method signature="AbstractTestNGCucumberTests.runScenario(io.cucumber.testng.PickleWrapper,io.cucumber.testng.FeatureWrapper)[pri:0, instance:cucumberOptions.TestNGTestRunner@52f759d7]" name="runScenario" class="io.cucumber.testng.AbstractTestNGCucumberTests"/>
      </group> <!-- cucumber -->
    </groups>
    <test name="Surefire test" duration-ms="13252" started-at="2022-08-24T03:26:04 IST" finished-at="2022-08-24T03:26:18 IST">
      <class name="cucumberOptions.TestNGTestRunner">
        <test-method status="PASS" signature="setUpClass(org.testng.ITestContext)[pri:0, instance:cucumberOptions.TestNGTestRunner@52f759d7]" name="setUpClass" is-config="true" duration-ms="556" started-at="2022-08-24T03:26:04 IST" finished-at="2022-08-24T03:26:05 IST">
          <params>
            <param index="0">
              <value>
                <![CDATA[org.testng.TestRunner@4fe89c24]]>
              </value>
            </param>
          </params>
          <reporter-output>
          </reporter-output>
        </test-method> <!-- setUpClass -->
        <test-method status="FAIL" signature="runScenario(io.cucumber.testng.PickleWrapper,io.cucumber.testng.FeatureWrapper)[pri:0, instance:cucumberOptions.TestNGTestRunner@52f759d7]" name="runScenario" duration-ms="11998" started-at="2022-08-24T03:26:05 IST" description="Runs Cucumber Scenarios" data-provider="scenarios" finished-at="2022-08-24T03:26:17 IST">
          <params>
            <param index="0">
              <value>
                <![CDATA["Search experience for product search in both home page and offers page"]]>
              </value>
            </param>
            <param index="1">
              <value>
                <![CDATA["Search and place order for products"]]>
              </value>
            </param>
          </params>
          <exception class="java.lang.AssertionError">
            <message>
              <![CDATA[expected [dshjd] but found [Strawberry]]]>
            </message>
            <full-stacktrace>
              <![CDATA[java.lang.AssertionError: expected [dshjd] but found [Strawberry]
at org.testng.Assert.fail(Assert.java:110)
at org.testng.Assert.failNotEquals(Assert.java:1413)
at org.testng.Assert.assertEqualsImpl(Assert.java:149)
at org.testng.Assert.assertEquals(Assert.java:131)
at org.testng.Assert.assertEquals(Assert.java:655)
at org.testng.Assert.assertEquals(Assert.java:665)
at stepDefinations.OffersPageStepDefinition.validate_that_product_name_in_offers_page_matched_with_landing_page(OffersPageStepDefinition.java:28)
at ✽.validate that product name in offers page matched with landing page(file:///D:/CucumberFramework/CucumberFramework/src/test/java/features/searchProduct.feature:9)
]]>
            </full-stacktrace>
          </exception> <!-- java.lang.AssertionError -->
          <reporter-output>
          </reporter-output>
        </test-method> <!-- runScenario -->
        <test-method status="FAIL" signature="runScenario(io.cucumber.testng.PickleWrapper,io.cucumber.testng.FeatureWrapper)[pri:0, instance:cucumberOptions.TestNGTestRunner@52f759d7]" name="runScenario" duration-ms="11874" started-at="2022-08-24T03:26:05 IST" description="Runs Cucumber Scenarios" data-provider="scenarios" finished-at="2022-08-24T03:26:17 IST">
          <params>
            <param index="0">
              <value>
                <![CDATA["Search experience for product search in both home page and offers page"]]>
              </value>
            </param>
            <param index="1">
              <value>
                <![CDATA["Search and place order for products"]]>
              </value>
            </param>
          </params>
          <exception class="java.lang.AssertionError">
            <message>
              <![CDATA[expected [dshjd] but found [Tomato]]]>
            </message>
            <full-stacktrace>
              <![CDATA[java.lang.AssertionError: expected [dshjd] but found [Tomato]
at org.testng.Assert.fail(Assert.java:110)
at org.testng.Assert.failNotEquals(Assert.java:1413)
at org.testng.Assert.assertEqualsImpl(Assert.java:149)
at org.testng.Assert.assertEquals(Assert.java:131)
at org.testng.Assert.assertEquals(Assert.java:655)
at org.testng.Assert.assertEquals(Assert.java:665)
at stepDefinations.OffersPageStepDefinition.validate_that_product_name_in_offers_page_matched_with_landing_page(OffersPageStepDefinition.java:28)
at ✽.validate that product name in offers page matched with landing page(file:///D:/CucumberFramework/CucumberFramework/src/test/java/features/searchProduct.feature:9)
]]>
            </full-stacktrace>
          </exception> <!-- java.lang.AssertionError -->
          <reporter-output>
          </reporter-output>
        </test-method> <!-- runScenario -->
        <test-method status="PASS" signature="runScenario(io.cucumber.testng.PickleWrapper,io.cucumber.testng.FeatureWrapper)[pri:0, instance:cucumberOptions.TestNGTestRunner@52f759d7]" name="runScenario" duration-ms="9725" started-at="2022-08-24T03:26:05 IST" description="Runs Cucumber Scenarios" data-provider="scenarios" finished-at="2022-08-24T03:26:15 IST">
          <params>
            <param index="0">
              <value>
                <![CDATA["Search experience for product search in both home page and offers page"]]>
              </value>
            </param>
            <param index="1">
              <value>
                <![CDATA["Addition of products to cart and Checkout"]]>
              </value>
            </param>
          </params>
          <reporter-output>
          </reporter-output>
        </test-method> <!-- runScenario -->
        <test-method status="PASS" signature="tearDownClass()[pri:0, instance:cucumberOptions.TestNGTestRunner@52f759d7]" name="tearDownClass" is-config="true" duration-ms="673" started-at="2022-08-24T03:26:17 IST" finished-at="2022-08-24T03:26:18 IST">
          <reporter-output>
          </reporter-output>
        </test-method> <!-- tearDownClass -->
      </class> <!-- cucumberOptions.TestNGTestRunner -->
    </test> <!-- Surefire test -->
  </suite> <!-- Surefire suite -->
</testng-results>
