<?xml version="1.0" encoding="UTF-8"?>
<!-- Generated by org.testng.reporters.JUnitReportReporter -->
<testsuite hostname="DESKTOP-4L5VA7G" failures="2" tests="3" name="cucumberOptions.TestNGTestRunner" time="337.920" errors="0" timestamp="2022-08-25T14:38:20 IST" skipped="0">
  <testcase classname="cucumberOptions.TestNGTestRunner" name="runScenario" time="113.131">
    <failure message="expected [dshjd] but found [Strawberry]" type="java.lang.AssertionError">
      <![CDATA[java.lang.AssertionError: expected [dshjd] but found [Strawberry]
at org.testng.Assert.fail(Assert.java:110)
at org.testng.Assert.failNotEquals(Assert.java:1413)
at org.testng.Assert.assertEqualsImpl(Assert.java:149)
at org.testng.Assert.assertEquals(Assert.java:131)
at org.testng.Assert.assertEquals(Assert.java:655)
at org.testng.Assert.assertEquals(Assert.java:665)
at stepDefinations.OffersPageStepDefinition.validate_that_product_name_in_offers_page_matched_with_landing_page(OffersPageStepDefinition.java:28)
at ✽.validate that product name in offers page matched with landing page(file:///E:/CucumberFramework/CucumberFramework/src/test/java/features/searchProduct.feature:9)
]]>
    </failure>
  </testcase> <!-- runScenario -->
  <system-out/>
  <testcase classname="cucumberOptions.TestNGTestRunner" name="runScenario" time="113.160">
    <failure message="expected [dshjd] but found [Tomato]" type="java.lang.AssertionError">
      <![CDATA[java.lang.AssertionError: expected [dshjd] but found [Tomato]
at org.testng.Assert.fail(Assert.java:110)
at org.testng.Assert.failNotEquals(Assert.java:1413)
at org.testng.Assert.assertEqualsImpl(Assert.java:149)
at org.testng.Assert.assertEquals(Assert.java:131)
at org.testng.Assert.assertEquals(Assert.java:655)
at org.testng.Assert.assertEquals(Assert.java:665)
at stepDefinations.OffersPageStepDefinition.validate_that_product_name_in_offers_page_matched_with_landing_page(OffersPageStepDefinition.java:28)
at ✽.validate that product name in offers page matched with landing page(file:///E:/CucumberFramework/CucumberFramework/src/test/java/features/searchProduct.feature:9)
]]>
    </failure>
  </testcase> <!-- runScenario -->
  <system-out/>
  <testcase classname="cucumberOptions.TestNGTestRunner" name="runScenario" time="111.629"/>
  <system-out/>
</testsuite> <!-- cucumberOptions.TestNGTestRunner -->
