<?xml version="1.0" encoding="UTF-8"?>
<!-- Generated by org.testng.reporters.JUnitReportReporter -->
<testsuite skipped="0" hostname="Adarsh-Computer" name="cucumberOptions.TestNGTestRunner" tests="3" failures="2" timestamp="2022-08-24T03:26:18 IST" time="33.597" errors="0">
  <testcase name="runScenario" time="11.998" classname="cucumberOptions.TestNGTestRunner">
    <failure type="java.lang.AssertionError" message="expected [dshjd] but found [Strawberry]">
      <![CDATA[java.lang.AssertionError: expected [dshjd] but found [Strawberry]
at org.testng.Assert.fail(Assert.java:110)
at org.testng.Assert.failNotEquals(Assert.java:1413)
at org.testng.Assert.assertEqualsImpl(Assert.java:149)
at org.testng.Assert.assertEquals(Assert.java:131)
at org.testng.Assert.assertEquals(Assert.java:655)
at org.testng.Assert.assertEquals(Assert.java:665)
at stepDefinations.OffersPageStepDefinition.validate_that_product_name_in_offers_page_matched_with_landing_page(OffersPageStepDefinition.java:28)
at ✽.validate that product name in offers page matched with landing page(file:///D:/CucumberFramework/CucumberFramework/src/test/java/features/searchProduct.feature:9)
]]>
    </failure>
  </testcase> <!-- runScenario -->
  <system-out/>
  <testcase name="runScenario" time="11.874" classname="cucumberOptions.TestNGTestRunner">
    <failure type="java.lang.AssertionError" message="expected [dshjd] but found [Tomato]">
      <![CDATA[java.lang.AssertionError: expected [dshjd] but found [Tomato]
at org.testng.Assert.fail(Assert.java:110)
at org.testng.Assert.failNotEquals(Assert.java:1413)
at org.testng.Assert.assertEqualsImpl(Assert.java:149)
at org.testng.Assert.assertEquals(Assert.java:131)
at org.testng.Assert.assertEquals(Assert.java:655)
at org.testng.Assert.assertEquals(Assert.java:665)
at stepDefinations.OffersPageStepDefinition.validate_that_product_name_in_offers_page_matched_with_landing_page(OffersPageStepDefinition.java:28)
at ✽.validate that product name in offers page matched with landing page(file:///D:/CucumberFramework/CucumberFramework/src/test/java/features/searchProduct.feature:9)
]]>
    </failure>
  </testcase> <!-- runScenario -->
  <system-out/>
  <testcase name="runScenario" time="9.725" classname="cucumberOptions.TestNGTestRunner"/>
  <system-out/>
</testsuite> <!-- cucumberOptions.TestNGTestRunner -->
